<?xml version="1.0" encoding="UTF-8"?>
<!-- Generated by org.testng.reporters.JUnitXMLReporter -->
<testsuite ignored="0" hostname="PG03KMMT" failures="1" tests="1" name="Test" time="0.066" errors="0" timestamp="2024-04-29T17:19:32 IST">
  <testcase classname="com.botree.utility.BaseTest_Listener" name="@BeforeTest initializeDriver" time="-1.714391372052E9">
    <failure type="org.testng.TestNGException" message="
Parameter &amp;apos;deviceName&amp;apos; is required by BeforeTest on method initializeDriver but has not been marked @Optional or defined
in C:\Users\balaji.vijayakumar\Workspace_Botree\SSFA_Portal\testng.xml">
      <![CDATA[org.testng.TestNGException: 
Parameter 'deviceName' is required by BeforeTest on method initializeDriver but has not been marked @Optional or defined
in C:\Users\balaji.vijayakumar\Workspace_Botree\SSFA_Portal\testng.xml
... Removed 21 stack frames]]>
    </failure>
  </testcase> <!-- @BeforeTest initializeDriver -->
  <testcase classname="com.botree.SSFA_Test.Update_Location_Test" name="SSFA_DSR_UpdateLocation_TestCase001" time="0.0">
    <failure type="org.testng.TestNGException" message="
Method public void com.botree.SSFA_Test.Update_Location_Test.SSFA_DSR_UpdateLocation_TestCase001() throws java.lang.Throwable requires a @DataProvider named : BotreeUAT">
      <![CDATA[org.testng.TestNGException: 
Method public void com.botree.SSFA_Test.Update_Location_Test.SSFA_DSR_UpdateLocation_TestCase001() throws java.lang.Throwable requires a @DataProvider named : BotreeUAT
at java.base/java.util.ArrayList.forEach(ArrayList.java:1541)
... Removed 24 stack frames]]>
    </failure>
  </testcase> <!-- SSFA_DSR_UpdateLocation_TestCase001 -->
</testsuite> <!-- Test -->
